# JRE version: OpenJDK Runtime Environment (8.0_152-b01) (build 1.8.0_152-release-915-b01)
# Java VM: OpenJDK Server VM (25.152-b01 mixed mode windows-x86 )
Heap:
 def new generation   total 31296K, used 19586K [0x10e00000, 0x12ff0000, 0x26350000)
  eden space 27840K,  57% used [0x10e00000, 0x11dc0920, 0x12930000)
  from space 3456K, 100% used [0x12c90000, 0x12ff0000, 0x12ff0000)
  to   space 3456K,   0% used [0x12930000, 0x12930000, 0x12c90000)
 tenured generation   total 69356K, used 57761K [0x26350000, 0x2a70b000, 0x50e00000)
   the space 69356K,  83% used [0x26350000, 0x29bb86b8, 0x29bb8800, 0x2a70b000)
 Metaspace       used 44693K, capacity 46132K, committed 46208K, reserved 46464K
GC Heap History (10 events):
Event: 427.935 GC heap before
{Heap before GC invocations=90 (full 4):
 def new generation   total 31296K, used 30452K [0x10e00000, 0x12ff0000, 0x26350000)
  eden space 27840K, 100% used [0x10e00000, 0x12930000, 0x12930000)
  from space 3456K,  75% used [0x12930000, 0x12bbd318, 0x12c90000)
  to   space 3456K,   0% used [0x12c90000, 0x12c90000, 0x12ff0000)
 tenured generation   total 69356K, used 48971K [0x26350000, 0x2a70b000, 0x50e00000)
   the space 69356K,  70% used [0x26350000, 0x29322fd0, 0x29323000, 0x2a70b000)
 Metaspace       used 42691K, capacity 44087K, committed 44160K, reserved 44416K
Event: 427.959 GC heap after
Heap after GC invocations=91 (full 4):
 def new generation   total 31296K, used 1358K [0x10e00000, 0x12ff0000, 0x26350000)
  eden space 27840K,   0% used [0x10e00000, 0x10e00000, 0x12930000)
  from space 3456K,  39% used [0x12c90000, 0x12de3b28, 0x12ff0000)
  to   space 3456K,   0% used [0x12930000, 0x12930000, 0x12c90000)
 tenured generation   total 69356K, used 51004K [0x26350000, 0x2a70b000, 0x50e00000)
   the space 69356K,  73% used [0x26350000, 0x2951f160, 0x2951f200, 0x2a70b000)
 Metaspace       used 42691K, capacity 44087K, committed 44160K, reserved 44416K
}
Event: 428.990 GC heap before
{Heap before GC invocations=91 (full 4):
 def new generation   total 31296K, used 29198K [0x10e00000, 0x12ff0000, 0x26350000)
  eden space 27840K, 100% used [0x10e00000, 0x12930000, 0x12930000)
  from space 3456K,  39% used [0x12c90000, 0x12de3b28, 0x12ff0000)
  to   space 3456K,   0% used [0x12930000, 0x12930000, 0x12c90000)
 tenured generation   total 69356K, used 51004K [0x26350000, 0x2a70b000, 0x50e00000)
   the space 69356K,  73% used [0x26350000, 0x2951f160, 0x2951f200, 0x2a70b000)
 Metaspace       used 42692K, capacity 44087K, committed 44160K, reserved 44416K
Event: 429.003 GC heap after
Heap after GC invocations=92 (full 4):
 def new generation   total 31296K, used 1822K [0x10e00000, 0x12ff0000, 0x26350000)
  eden space 27840K,   0% used [0x10e00000, 0x10e00000, 0x12930000)
  from space 3456K,  52% used [0x12930000, 0x12af7a90, 0x12c90000)
  to   space 3456K,   0% used [0x12c90000, 0x12c90000, 0x12ff0000)
 tenured generation   total 69356K, used 51004K [0x26350000, 0x2a70b000, 0x50e00000)
   the space 69356K,  73% used [0x26350000, 0x2951f160, 0x2951f200, 0x2a70b000)
 Metaspace       used 42692K, capacity 44087K, committed 44160K, reserved 44416K
}
Event: 432.693 GC heap before
{Heap before GC invocations=92 (full 4):
 def new generation   total 31296K, used 29662K [0x10e00000, 0x12ff0000, 0x26350000)
  eden space 27840K, 100% used [0x10e00000, 0x12930000, 0x12930000)
  from space 3456K,  52% used [0x12930000, 0x12af7a90, 0x12c90000)
  to   space 3456K,   0% used [0x12c90000, 0x12c90000, 0x12ff0000)
 tenured generation   total 69356K, used 51004K [0x26350000, 0x2a70b000, 0x50e00000)
   the space 69356K,  73% used [0x26350000, 0x2951f160, 0x2951f200, 0x2a70b000)
 Metaspace       used 42760K, capacity 44146K, committed 44160K, reserved 44416K
Event: 432.719 GC heap after
Heap after GC invocations=93 (full 4):
 def new generation   total 31296K, used 2611K [0x10e00000, 0x12ff0000, 0x26350000)
  eden space 27840K,   0% used [0x10e00000, 0x10e00000, 0x12930000)
  from space 3456K,  75% used [0x12c90000, 0x12f1cc70, 0x12ff0000)
  to   space 3456K,   0% used [0x12930000, 0x12930000, 0x12c90000)
 tenured generation   total 69356K, used 52116K [0x26350000, 0x2a70b000, 0x50e00000)
   the space 69356K,  75% used [0x26350000, 0x296353f8, 0x29635400, 0x2a70b000)
 Metaspace       used 42760K, capacity 44146K, committed 44160K, reserved 44416K
}
Event: 463.083 GC heap before
{Heap before GC invocations=93 (full 4):
 def new generation   total 31296K, used 30451K [0x10e00000, 0x12ff0000, 0x26350000)
  eden space 27840K, 100% used [0x10e00000, 0x12930000, 0x12930000)
  from space 3456K,  75% used [0x12c90000, 0x12f1cc70, 0x12ff0000)
  to   space 3456K,   0% used [0x12930000, 0x12930000, 0x12c90000)
 tenured generation   total 69356K, used 52116K [0x26350000, 0x2a70b000, 0x50e00000)
   the space 69356K,  75% used [0x26350000, 0x296353f8, 0x29635400, 0x2a70b000)
 Metaspace       used 43438K, capacity 44868K, committed 44928K, reserved 45440K
Event: 463.120 GC heap after
Heap after GC invocations=94 (full 4):
 def new generation   total 31296K, used 3349K [0x10e00000, 0x12ff0000, 0x26350000)
  eden space 27840K,   0% used [0x10e00000, 0x10e00000, 0x12930000)
  from space 3456K,  96% used [0x12930000, 0x12c75500, 0x12c90000)
  to   space 3456K,   0% used [0x12c90000, 0x12c90000, 0x12ff0000)
 tenured generation   total 69356K, used 54667K [0x26350000, 0x2a70b000, 0x50e00000)
   the space 69356K,  78% used [0x26350000, 0x298b2d68, 0x298b2e00, 0x2a70b000)
 Metaspace       used 43438K, capacity 44868K, committed 44928K, reserved 45440K
}
Event: 465.589 GC heap before
{Heap before GC invocations=94 (full 4):
 def new generation   total 31296K, used 31189K [0x10e00000, 0x12ff0000, 0x26350000)
  eden space 27840K, 100% used [0x10e00000, 0x12930000, 0x12930000)
  from space 3456K,  96% used [0x12930000, 0x12c75500, 0x12c90000)
  to   space 3456K,   0% used [0x12c90000, 0x12c90000, 0x12ff0000)
 tenured generation   total 69356K, used 54667K [0x26350000, 0x2a70b000, 0x50e00000)
   the space 69356K,  78% used [0x26350000, 0x298b2d68, 0x298b2e00, 0x2a70b000)
 Metaspace       used 43670K, capacity 45100K, committed 45184K, reserved 45440K
Event: 465.669 GC heap after
Heap after GC invocations=95 (full 4):
 def new generation   total 31296K, used 3456K [0x10e00000, 0x12ff0000, 0x26350000)
  eden space 27840K,   0% used [0x10e00000, 0x10e00000, 0x12930000)
  from space 3456K, 100% used [0x12c90000, 0x12ff0000, 0x12ff0000)
  to   space 3456K,   0% used [0x12930000, 0x12930000, 0x12c90000)
 tenured generation   total 69356K, used 57761K [0x26350000, 0x2a70b000, 0x50e00000)
   the space 69356K,  83% used [0x26350000, 0x29bb86b8, 0x29bb8800, 0x2a70b000)
 Metaspace       used 43670K, capacity 45100K, committed 45184K, reserved 45440K
}

