# JRE version: OpenJDK Runtime Environment (8.0_152-b01) (build 1.8.0_152-release-915-b01)
# Java VM: OpenJDK Server VM (25.152-b01 mixed mode windows-x86 )
Heap:
 def new generation   total 30848K, used 14704K [0x11000000, 0x13170000, 0x26550000)
  eden space 27456K,  41% used [0x11000000, 0x11b2c8d0, 0x12ad0000)
  from space 3392K,  96% used [0x12ad0000, 0x12dff9c0, 0x12e20000)
  to   space 3392K,   0% used [0x12e20000, 0x12e20000, 0x13170000)
 tenured generation   total 68304K, used 49490K [0x26550000, 0x2a804000, 0x51000000)
   the space 68304K,  72% used [0x26550000, 0x295a48d8, 0x295a4a00, 0x2a804000)
 Metaspace       used 41912K, capacity 43163K, committed 43264K, reserved 43392K
GC Heap History (10 events):
Event: 102.655 GC heap before
{Heap before GC invocations=80 (full 3):
 def new generation   total 21184K, used 21184K [0x11000000, 0x126f0000, 0x26550000)
  eden space 18880K, 100% used [0x11000000, 0x12270000, 0x12270000)
  from space 2304K, 100% used [0x124b0000, 0x126f0000, 0x126f0000)
  to   space 2304K,   0% used [0x12270000, 0x12270000, 0x124b0000)
 tenured generation   total 46820K, used 45883K [0x26550000, 0x29309000, 0x51000000)
   the space 46820K,  97% used [0x26550000, 0x2921ed90, 0x2921ee00, 0x29309000)
 Metaspace       used 39448K, capacity 40662K, committed 40704K, reserved 41344K
Event: 103.003 GC heap after
Heap after GC invocations=81 (full 4):
 def new generation   total 30848K, used 0K [0x11000000, 0x13170000, 0x26550000)
  eden space 27456K,   0% used [0x11000000, 0x11000000, 0x12ad0000)
  from space 3392K,   0% used [0x12ad0000, 0x12ad0000, 0x12e20000)
  to   space 3392K,   0% used [0x12e20000, 0x12e20000, 0x13170000)
 tenured generation   total 68304K, used 40981K [0x26550000, 0x2a804000, 0x51000000)
   the space 68304K,  59% used [0x26550000, 0x28d554f0, 0x28d55600, 0x2a804000)
 Metaspace       used 39448K, capacity 40662K, committed 40704K, reserved 41344K
}
Event: 104.257 GC heap before
{Heap before GC invocations=81 (full 4):
 def new generation   total 30848K, used 27456K [0x11000000, 0x13170000, 0x26550000)
  eden space 27456K, 100% used [0x11000000, 0x12ad0000, 0x12ad0000)
  from space 3392K,   0% used [0x12ad0000, 0x12ad0000, 0x12e20000)
  to   space 3392K,   0% used [0x12e20000, 0x12e20000, 0x13170000)
 tenured generation   total 68304K, used 40981K [0x26550000, 0x2a804000, 0x51000000)
   the space 68304K,  59% used [0x26550000, 0x28d554f0, 0x28d55600, 0x2a804000)
 Metaspace       used 39576K, capacity 40830K, committed 40832K, reserved 41344K
Event: 104.271 GC heap after
Heap after GC invocations=82 (full 4):
 def new generation   total 30848K, used 1353K [0x11000000, 0x13170000, 0x26550000)
  eden space 27456K,   0% used [0x11000000, 0x11000000, 0x12ad0000)
  from space 3392K,  39% used [0x12e20000, 0x12f72748, 0x13170000)
  to   space 3392K,   0% used [0x12ad0000, 0x12ad0000, 0x12e20000)
 tenured generation   total 68304K, used 40981K [0x26550000, 0x2a804000, 0x51000000)
   the space 68304K,  59% used [0x26550000, 0x28d554f0, 0x28d55600, 0x2a804000)
 Metaspace       used 39576K, capacity 40830K, committed 40832K, reserved 41344K
}
Event: 107.147 GC heap before
{Heap before GC invocations=82 (full 4):
 def new generation   total 30848K, used 28809K [0x11000000, 0x13170000, 0x26550000)
  eden space 27456K, 100% used [0x11000000, 0x12ad0000, 0x12ad0000)
  from space 3392K,  39% used [0x12e20000, 0x12f72748, 0x13170000)
  to   space 3392K,   0% used [0x12ad0000, 0x12ad0000, 0x12e20000)
 tenured generation   total 68304K, used 40981K [0x26550000, 0x2a804000, 0x51000000)
   the space 68304K,  59% used [0x26550000, 0x28d554f0, 0x28d55600, 0x2a804000)
 Metaspace       used 40219K, capacity 41431K, committed 41472K, reserved 42368K
Event: 107.179 GC heap after
Heap after GC invocations=83 (full 4):
 def new generation   total 30848K, used 3392K [0x11000000, 0x13170000, 0x26550000)
  eden space 27456K,   0% used [0x11000000, 0x11000000, 0x12ad0000)
  from space 3392K, 100% used [0x12ad0000, 0x12e20000, 0x12e20000)
  to   space 3392K,   0% used [0x12e20000, 0x12e20000, 0x13170000)
 tenured generation   total 68304K, used 42196K [0x26550000, 0x2a804000, 0x51000000)
   the space 68304K,  61% used [0x26550000, 0x28e852e0, 0x28e85400, 0x2a804000)
 Metaspace       used 40219K, capacity 41431K, committed 41472K, reserved 42368K
}
Event: 109.881 GC heap before
{Heap before GC invocations=83 (full 4):
 def new generation   total 30848K, used 30848K [0x11000000, 0x13170000, 0x26550000)
  eden space 27456K, 100% used [0x11000000, 0x12ad0000, 0x12ad0000)
  from space 3392K, 100% used [0x12ad0000, 0x12e20000, 0x12e20000)
  to   space 3392K,   0% used [0x12e20000, 0x12e20000, 0x13170000)
 tenured generation   total 68304K, used 42196K [0x26550000, 0x2a804000, 0x51000000)
   the space 68304K,  61% used [0x26550000, 0x28e852e0, 0x28e85400, 0x2a804000)
 Metaspace       used 40787K, capacity 41993K, committed 42112K, reserved 42368K
Event: 109.923 GC heap after
Heap after GC invocations=84 (full 4):
 def new generation   total 30848K, used 3392K [0x11000000, 0x13170000, 0x26550000)
  eden space 27456K,   0% used [0x11000000, 0x11000000, 0x12ad0000)
  from space 3392K, 100% used [0x12e20000, 0x13170000, 0x13170000)
  to   space 3392K,   0% used [0x12ad0000, 0x12ad0000, 0x12e20000)
 tenured generation   total 68304K, used 46164K [0x26550000, 0x2a804000, 0x51000000)
   the space 68304K,  67% used [0x26550000, 0x29265238, 0x29265400, 0x2a804000)
 Metaspace       used 40787K, capacity 41993K, committed 42112K, reserved 42368K
}
Event: 112.455 GC heap before
{Heap before GC invocations=84 (full 4):
 def new generation   total 30848K, used 30848K [0x11000000, 0x13170000, 0x26550000)
  eden space 27456K, 100% used [0x11000000, 0x12ad0000, 0x12ad0000)
  from space 3392K, 100% used [0x12e20000, 0x13170000, 0x13170000)
  to   space 3392K,   0% used [0x12ad0000, 0x12ad0000, 0x12e20000)
 tenured generation   total 68304K, used 46164K [0x26550000, 0x2a804000, 0x51000000)
   the space 68304K,  67% used [0x26550000, 0x29265238, 0x29265400, 0x2a804000)
 Metaspace       used 41047K, capacity 42291K, committed 42368K, reserved 42368K
Event: 112.491 GC heap after
Heap after GC invocations=85 (full 4):
 def new generation   total 30848K, used 3262K [0x11000000, 0x13170000, 0x26550000)
  eden space 27456K,   0% used [0x11000000, 0x11000000, 0x12ad0000)
  from space 3392K,  96% used [0x12ad0000, 0x12dff9c0, 0x12e20000)
  to   space 3392K,   0% used [0x12e20000, 0x12e20000, 0x13170000)
 tenured generation   total 68304K, used 49490K [0x26550000, 0x2a804000, 0x51000000)
   the space 68304K,  72% used [0x26550000, 0x295a48d8, 0x295a4a00, 0x2a804000)
 Metaspace       used 41047K, capacity 42291K, committed 42368K, reserved 42368K
}

